[01:30:33] [ServerMain/INFO]: Environment: Environment[sessionHost=https://sessionserver.mojang.com, servicesHost=https://api.minecraftservices.com, name=PROD]
[01:30:37] [ServerMain/INFO]: Loaded 1290 recipes
[01:30:38] [ServerMain/INFO]: Loaded 1399 advancements
[01:30:39] [Server thread/INFO]: Starting minecraft server version 1.21.1
[01:30:39] [Server thread/INFO]: Loading properties
[01:30:39] [Server thread/INFO]: Default game type: SURVIVAL
[01:30:39] [Server thread/INFO]: Generating keypair
[01:30:39] [Server thread/INFO]: Starting Minecraft server on *:25565
[01:30:40] [Server thread/INFO]: Using epoll channel type
[01:30:40] [Server thread/WARN]: **** SERVER IS RUNNING IN OFFLINE/INSECURE MODE!
[01:30:40] [Server thread/WARN]: The server will make no attempt to authenticate usernames. Beware.
[01:30:40] [Server thread/WARN]: While this makes the game possible to play without internet access, it also opens up the ability for hackers to connect with any username they choose.
[01:30:40] [Server thread/WARN]: To change this, set "online-mode" to "true" in the server.properties file.
[01:30:40] [Server thread/INFO]: Preparing level "world"
[01:30:50] [Server thread/INFO]: Preparing start region for dimension minecraft:overworld
[01:30:51] [Worker-Main-1/INFO]: Preparing spawn area: 0%
[01:30:51] [Worker-Main-1/INFO]: Preparing spawn area: 0%
[01:30:51] [Worker-Main-1/INFO]: Preparing spawn area: 0%
[01:30:52] [Worker-Main-1/INFO]: Preparing spawn area: 24%
[01:30:52] [Server thread/INFO]: Time elapsed: 1629 ms
[01:30:52] [Server thread/INFO]: Done (11.768s)! For help, type "help"
[01:32:54] [Server thread/INFO]: jheremy2509[/127.215.128.40:59107] logged in with entity id 13 at (-299.62139309080624, 63.0, 1690.7343309507507)
[01:32:54] [Server thread/INFO]: jheremy2509 joined the game
